{
    "buildhost_description": {
        "id": "c9.etf.unsa.ba",
        "os": "Linux 4.15.0-38-generic x86_64\nUbuntu 18.04.2 LTS\n",
        "compiler_version": "g++ (Ubuntu 7.4.0-1ubuntu1~18.04.1) 7.4.0",
        "debugger_version": "GNU gdb (Ubuntu 8.1-0ubuntu3) 8.1.0.20180409-git",
        "profiler_version": "valgrind-3.13.0"
    },
    "status": 4,
    "compile_result": {
        "status": 1,
        "output": ""
    },
    "run_result": [],
    "debug_result": [],
    "profile_result": [],
    "test_results": {
        "1": {
            "status": 3,
            "run_result": [],
            "debug_result": [],
            "profile_result": [],
            "compile_result": {
                "status": 2,
                "output": "bs_test_1.cpp: In function ‘int main()’:\nbs_test_1.cpp:21:9: error: ‘Skladiste’ was not declared in this scope\n         Skladiste ETF;\n         ^~~~~~~~~\nbs_test_1.cpp:22:9: error: ‘ETF’ was not declared in this scope\n         ETF.DodajSanduk(50, \"Voce\", {1,3,5,6});\n         ^~~\nbs_test_1.cpp:22:9: note: suggested alternative: ‘EOF’\n         ETF.DodajSanduk(50, \"Voce\", {1,3,5,6});\n         ^~~\n         EOF\nbs_test_1.cpp:25:31: error: expected type-specifier before ‘Vreca’\n         ETF.DodajSpremnik(new Vreca(0.5, \"Secer\", 40), true);\n                               ^~~~~\nbs_test_1.cpp:26:9: error: ‘Bure’ was not declared in this scope\n         Bure *b = new Bure(15, \"Voda\", 1000, 200);\n         ^~~~\nbs_test_1.cpp:26:15: error: ‘b’ was not declared in this scope\n         Bure *b = new Bure(15, \"Voda\", 1000, 200);\n               ^\nbs_test_1.cpp:26:23: error: expected type-specifier before ‘Bure’\n         Bure *b = new Bure(15, \"Voda\", 1000, 200);\n                       ^~~~\nbs_test_1.cpp:28:16: error: type ‘<type error>’ argument given to ‘delete’, expected pointer\n         delete b;\n                ^",
                "parsed_output": [
                    {
                        "type": "error",
                        "file": "TEST_CODE",
                        "line": 4,
                        "col": "9",
                        "message": "'Skladiste' was not declared in this scope",
                        "output": "/tmp/buildservice/bs_7634/bs_test_1.cpp:21:9: error: ‘Skladiste’ was not declared in this scope         Skladiste ETF;         ^~~~~~~~~",
                        "code": "Skladiste ETF;"
                    },
                    {
                        "type": "error",
                        "file": "TEST_CODE",
                        "line": 5,
                        "col": "9",
                        "message": "'ETF' was not declared in this scope",
                        "output": "/tmp/buildservice/bs_7634/bs_test_1.cpp:22:9: error: ‘ETF’ was not declared in this scope         ETF.DodajSanduk(50, \"Voce\", {1,3,5,6});         ^~~",
                        "code": "ETF.DodajSanduk(50, \"Voce\", {1,3,5,6});"
                    },
                    {
                        "type": "error",
                        "file": "TEST_CODE",
                        "line": 8,
                        "col": "31",
                        "message": "expected type-specifier before 'Vreca'",
                        "output": "/tmp/buildservice/bs_7634/bs_test_1.cpp:25:31: error: expected type-specifier before ‘Vreca’         ETF.DodajSpremnik(new Vreca(0.5, \"Secer\", 40), true);                               ^~~~~",
                        "code": "ETF.DodajSpremnik(new Vreca(0.5, \"Secer\", 40), true);"
                    },
                    {
                        "type": "error",
                        "file": "TEST_CODE",
                        "line": 9,
                        "col": "9",
                        "message": "'Bure' was not declared in this scope",
                        "output": "/tmp/buildservice/bs_7634/bs_test_1.cpp:26:9: error: ‘Bure’ was not declared in this scope         Bure *b = new Bure(15, \"Voda\", 1000, 200);         ^~~~",
                        "code": "Bure *b = new Bure(15, \"Voda\", 1000, 200);"
                    },
                    {
                        "type": "error",
                        "file": "TEST_CODE",
                        "line": 9,
                        "col": "15",
                        "message": "'b' was not declared in this scope",
                        "output": "/tmp/buildservice/bs_7634/bs_test_1.cpp:26:15: error: ‘b’ was not declared in this scope         Bure *b = new Bure(15, \"Voda\", 1000, 200);               ^",
                        "code": "Bure *b = new Bure(15, \"Voda\", 1000, 200);"
                    },
                    {
                        "type": "error",
                        "file": "TEST_CODE",
                        "line": 9,
                        "col": "23",
                        "message": "expected type-specifier before 'Bure'",
                        "output": "/tmp/buildservice/bs_7634/bs_test_1.cpp:26:23: error: expected type-specifier before ‘Bure’         Bure *b = new Bure(15, \"Voda\", 1000, 200);                       ^~~~",
                        "code": "Bure *b = new Bure(15, \"Voda\", 1000, 200);"
                    },
                    {
                        "type": "error",
                        "file": "TEST_CODE",
                        "line": 11,
                        "col": "16",
                        "message": "type '<type error>' argument given to 'delete', expected pointer",
                        "output": "/tmp/buildservice/bs_7634/bs_test_1.cpp:28:16: error: type ‘<type error>’ argument given to ‘delete’, expected pointer         delete b;                ^",
                        "code": "delete b;"
                    }
                ]
            }
        },
        "2": {
            "status": 3,
            "run_result": [],
            "debug_result": [],
            "profile_result": [],
            "compile_result": {
                "status": 2,
                "output": "bs_test_2.cpp: In function ‘int main()’:\nbs_test_2.cpp:21:9: error: ‘Skladiste’ was not declared in this scope\n         Skladiste ETF;\n         ^~~~~~~~~\nbs_test_2.cpp:22:9: error: ‘ETF’ was not declared in this scope\n         ETF.DodajSanduk(50, \"Voce\", {1,3,5,6});\n         ^~~\nbs_test_2.cpp:22:9: note: suggested alternative: ‘EOF’\n         ETF.DodajSanduk(50, \"Voce\", {1,3,5,6});\n         ^~~\n         EOF\nbs_test_2.cpp:25:31: error: expected type-specifier before ‘Vreca’\n         ETF.DodajSpremnik(new Vreca(0.5, \"Secer\", 40), true);\n                               ^~~~~\nbs_test_2.cpp:26:9: error: ‘Bure’ was not declared in this scope\n         Bure *b = new Bure(15, \"Voda\", 1000, 200);\n         ^~~~\nbs_test_2.cpp:26:15: error: ‘b’ was not declared in this scope\n         Bure *b = new Bure(15, \"Voda\", 1000, 200);\n               ^\nbs_test_2.cpp:26:23: error: expected type-specifier before ‘Bure’\n         Bure *b = new Bure(15, \"Voda\", 1000, 200);\n                       ^~~~\nbs_test_2.cpp:28:16: error: type ‘<type error>’ argument given to ‘delete’, expected pointer\n         delete b;\n                ^",
                "parsed_output": [
                    {
                        "type": "error",
                        "file": "TEST_CODE",
                        "line": 4,
                        "col": "9",
                        "message": "'Skladiste' was not declared in this scope",
                        "output": "/tmp/buildservice/bs_7634/bs_test_2.cpp:21:9: error: ‘Skladiste’ was not declared in this scope         Skladiste ETF;         ^~~~~~~~~",
                        "code": "Skladiste ETF;"
                    },
                    {
                        "type": "error",
                        "file": "TEST_CODE",
                        "line": 5,
                        "col": "9",
                        "message": "'ETF' was not declared in this scope",
                        "output": "/tmp/buildservice/bs_7634/bs_test_2.cpp:22:9: error: ‘ETF’ was not declared in this scope         ETF.DodajSanduk(50, \"Voce\", {1,3,5,6});         ^~~",
                        "code": "ETF.DodajSanduk(50, \"Voce\", {1,3,5,6});"
                    },
                    {
                        "type": "error",
                        "file": "TEST_CODE",
                        "line": 8,
                        "col": "31",
                        "message": "expected type-specifier before 'Vreca'",
                        "output": "/tmp/buildservice/bs_7634/bs_test_2.cpp:25:31: error: expected type-specifier before ‘Vreca’         ETF.DodajSpremnik(new Vreca(0.5, \"Secer\", 40), true);                               ^~~~~",
                        "code": "ETF.DodajSpremnik(new Vreca(0.5, \"Secer\", 40), true);"
                    },
                    {
                        "type": "error",
                        "file": "TEST_CODE",
                        "line": 9,
                        "col": "9",
                        "message": "'Bure' was not declared in this scope",
                        "output": "/tmp/buildservice/bs_7634/bs_test_2.cpp:26:9: error: ‘Bure’ was not declared in this scope         Bure *b = new Bure(15, \"Voda\", 1000, 200);         ^~~~",
                        "code": "Bure *b = new Bure(15, \"Voda\", 1000, 200);"
                    },
                    {
                        "type": "error",
                        "file": "TEST_CODE",
                        "line": 9,
                        "col": "15",
                        "message": "'b' was not declared in this scope",
                        "output": "/tmp/buildservice/bs_7634/bs_test_2.cpp:26:15: error: ‘b’ was not declared in this scope         Bure *b = new Bure(15, \"Voda\", 1000, 200);               ^",
                        "code": "Bure *b = new Bure(15, \"Voda\", 1000, 200);"
                    },
                    {
                        "type": "error",
                        "file": "TEST_CODE",
                        "line": 9,
                        "col": "23",
                        "message": "expected type-specifier before 'Bure'",
                        "output": "/tmp/buildservice/bs_7634/bs_test_2.cpp:26:23: error: expected type-specifier before ‘Bure’         Bure *b = new Bure(15, \"Voda\", 1000, 200);                       ^~~~",
                        "code": "Bure *b = new Bure(15, \"Voda\", 1000, 200);"
                    },
                    {
                        "type": "error",
                        "file": "TEST_CODE",
                        "line": 11,
                        "col": "16",
                        "message": "type '<type error>' argument given to 'delete', expected pointer",
                        "output": "/tmp/buildservice/bs_7634/bs_test_2.cpp:28:16: error: type ‘<type error>’ argument given to ‘delete’, expected pointer         delete b;                ^",
                        "code": "delete b;"
                    }
                ]
            }
        },
        "3": {
            "status": 3,
            "run_result": [],
            "debug_result": [],
            "profile_result": [],
            "compile_result": {
                "status": 2,
                "output": "bs_test_3.cpp: In function ‘int main()’:\nbs_test_3.cpp:21:9: error: ‘Skladiste’ was not declared in this scope\n         Skladiste ETF;\n         ^~~~~~~~~\nbs_test_3.cpp:22:9: error: ‘ETF’ was not declared in this scope\n         ETF.DodajSanduk(50, \"Voce\", {1,3,5,6});\n         ^~~\nbs_test_3.cpp:22:9: note: suggested alternative: ‘EOF’\n         ETF.DodajSanduk(50, \"Voce\", {1,3,5,6});\n         ^~~\n         EOF\nbs_test_3.cpp:25:9: error: ‘Spremnik’ was not declared in this scope\n         Spremnik *s = ETF.DodajSpremnik(new Vreca(0.5, \"Secer\", 40), true);\n         ^~~~~~~~\nbs_test_3.cpp:25:19: error: ‘s’ was not declared in this scope\n         Spremnik *s = ETF.DodajSpremnik(new Vreca(0.5, \"Secer\", 40), true);\n                   ^\nbs_test_3.cpp:25:45: error: expected type-specifier before ‘Vreca’\n         Spremnik *s = ETF.DodajSpremnik(new Vreca(0.5, \"Secer\", 40), true);\n                                             ^~~~~",
                "parsed_output": [
                    {
                        "type": "error",
                        "file": "TEST_CODE",
                        "line": 4,
                        "col": "9",
                        "message": "'Skladiste' was not declared in this scope",
                        "output": "/tmp/buildservice/bs_7634/bs_test_3.cpp:21:9: error: ‘Skladiste’ was not declared in this scope         Skladiste ETF;         ^~~~~~~~~",
                        "code": "Skladiste ETF;"
                    },
                    {
                        "type": "error",
                        "file": "TEST_CODE",
                        "line": 5,
                        "col": "9",
                        "message": "'ETF' was not declared in this scope",
                        "output": "/tmp/buildservice/bs_7634/bs_test_3.cpp:22:9: error: ‘ETF’ was not declared in this scope         ETF.DodajSanduk(50, \"Voce\", {1,3,5,6});         ^~~",
                        "code": "ETF.DodajSanduk(50, \"Voce\", {1,3,5,6});"
                    },
                    {
                        "type": "error",
                        "file": "TEST_CODE",
                        "line": 8,
                        "col": "9",
                        "message": "'Spremnik' was not declared in this scope",
                        "output": "/tmp/buildservice/bs_7634/bs_test_3.cpp:25:9: error: ‘Spremnik’ was not declared in this scope         Spremnik *s = ETF.DodajSpremnik(new Vreca(0.5, \"Secer\", 40), true);         ^~~~~~~~",
                        "code": "Spremnik *s = ETF.DodajSpremnik(new Vreca(0.5, \"Secer\", 40), true);"
                    },
                    {
                        "type": "error",
                        "file": "TEST_CODE",
                        "line": 8,
                        "col": "19",
                        "message": "'s' was not declared in this scope",
                        "output": "/tmp/buildservice/bs_7634/bs_test_3.cpp:25:19: error: ‘s’ was not declared in this scope         Spremnik *s = ETF.DodajSpremnik(new Vreca(0.5, \"Secer\", 40), true);                   ^",
                        "code": "Spremnik *s = ETF.DodajSpremnik(new Vreca(0.5, \"Secer\", 40), true);"
                    },
                    {
                        "type": "error",
                        "file": "TEST_CODE",
                        "line": 8,
                        "col": "45",
                        "message": "expected type-specifier before 'Vreca'",
                        "output": "/tmp/buildservice/bs_7634/bs_test_3.cpp:25:45: error: expected type-specifier before ‘Vreca’         Spremnik *s = ETF.DodajSpremnik(new Vreca(0.5, \"Secer\", 40), true);                                             ^~~~~",
                        "code": "Spremnik *s = ETF.DodajSpremnik(new Vreca(0.5, \"Secer\", 40), true);"
                    }
                ]
            }
        },
        "4": {
            "status": 3,
            "run_result": [],
            "debug_result": [],
            "profile_result": [],
            "compile_result": {
                "status": 2,
                "output": "bs_test_4.cpp: In function ‘int main()’:\nbs_test_4.cpp:21:9: error: ‘Skladiste’ was not declared in this scope\n         Skladiste ETF;\n         ^~~~~~~~~\nbs_test_4.cpp:22:9: error: ‘Spremnik’ was not declared in this scope\n         Spremnik *s = ETF.DodajSpremnik(new Vreca(0.5, \"Secer\", 40), true);\n         ^~~~~~~~\nbs_test_4.cpp:22:19: error: ‘s’ was not declared in this scope\n         Spremnik *s = ETF.DodajSpremnik(new Vreca(0.5, \"Secer\", 40), true);\n                   ^\nbs_test_4.cpp:22:23: error: ‘ETF’ was not declared in this scope\n         Spremnik *s = ETF.DodajSpremnik(new Vreca(0.5, \"Secer\", 40), true);\n                       ^~~\nbs_test_4.cpp:22:23: note: suggested alternative: ‘EOF’\n         Spremnik *s = ETF.DodajSpremnik(new Vreca(0.5, \"Secer\", 40), true);\n                       ^~~\n                       EOF\nbs_test_4.cpp:22:45: error: expected type-specifier before ‘Vreca’\n         Spremnik *s = ETF.DodajSpremnik(new Vreca(0.5, \"Secer\", 40), true);\n                                             ^~~~~",
                "parsed_output": [
                    {
                        "type": "error",
                        "file": "TEST_CODE",
                        "line": 4,
                        "col": "9",
                        "message": "'Skladiste' was not declared in this scope",
                        "output": "/tmp/buildservice/bs_7634/bs_test_4.cpp:21:9: error: ‘Skladiste’ was not declared in this scope         Skladiste ETF;         ^~~~~~~~~",
                        "code": "Skladiste ETF;"
                    },
                    {
                        "type": "error",
                        "file": "TEST_CODE",
                        "line": 5,
                        "col": "9",
                        "message": "'Spremnik' was not declared in this scope",
                        "output": "/tmp/buildservice/bs_7634/bs_test_4.cpp:22:9: error: ‘Spremnik’ was not declared in this scope         Spremnik *s = ETF.DodajSpremnik(new Vreca(0.5, \"Secer\", 40), true);         ^~~~~~~~",
                        "code": "Spremnik *s = ETF.DodajSpremnik(new Vreca(0.5, \"Secer\", 40), true);"
                    },
                    {
                        "type": "error",
                        "file": "TEST_CODE",
                        "line": 5,
                        "col": "19",
                        "message": "'s' was not declared in this scope",
                        "output": "/tmp/buildservice/bs_7634/bs_test_4.cpp:22:19: error: ‘s’ was not declared in this scope         Spremnik *s = ETF.DodajSpremnik(new Vreca(0.5, \"Secer\", 40), true);                   ^",
                        "code": "Spremnik *s = ETF.DodajSpremnik(new Vreca(0.5, \"Secer\", 40), true);"
                    },
                    {
                        "type": "error",
                        "file": "TEST_CODE",
                        "line": 5,
                        "col": "23",
                        "message": "'ETF' was not declared in this scope",
                        "output": "/tmp/buildservice/bs_7634/bs_test_4.cpp:22:23: error: ‘ETF’ was not declared in this scope         Spremnik *s = ETF.DodajSpremnik(new Vreca(0.5, \"Secer\", 40), true);                       ^~~",
                        "code": "Spremnik *s = ETF.DodajSpremnik(new Vreca(0.5, \"Secer\", 40), true);"
                    },
                    {
                        "type": "error",
                        "file": "TEST_CODE",
                        "line": 5,
                        "col": "45",
                        "message": "expected type-specifier before 'Vreca'",
                        "output": "/tmp/buildservice/bs_7634/bs_test_4.cpp:22:45: error: expected type-specifier before ‘Vreca’         Spremnik *s = ETF.DodajSpremnik(new Vreca(0.5, \"Secer\", 40), true);                                             ^~~~~",
                        "code": "Spremnik *s = ETF.DodajSpremnik(new Vreca(0.5, \"Secer\", 40), true);"
                    }
                ]
            }
        }
    },
    "queue_items": 0,
    "time": 1565950764
}
